[0mCompiling "target/cljsbuild/public/js/app.js" from ["src/cljs" "src/cljc" "env/dev/cljs"]...[0m
[32mSuccessfully compiled "target/cljsbuild/public/js/app.js" in 6.843 seconds.[0m
notifying browser that file changed:  target/cljsbuild/public/js/out/goog/deps.js
notifying browser that file changed:  target/cljsbuild/public/js/out/cljs_deps.js
notifying browser that file changed:  out/chorechart/core.js
[0mCompiling "target/cljsbuild/public/js/app.js" from ["src/cljs" "src/cljc" "env/dev/cljs"]...[0m
[32mSuccessfully compiled "target/cljsbuild/public/js/app.js" in 6.576 seconds.[0m
notifying browser that file changed:  out/chorechart/core.js
[0mCompiling "target/cljsbuild/public/js/app.js" from ["src/cljs" "src/cljc" "env/dev/cljs"]...[0m
[32mSuccessfully compiled "target/cljsbuild/public/js/app.js" in 6.654 seconds.[0m
notifying browser that file changed:  out/chorechart/core.js
[0mCompiling "target/cljsbuild/public/js/app.js" from ["src/cljs" "src/cljc" "env/dev/cljs"]...[0m
[32mSuccessfully compiled "target/cljsbuild/public/js/app.js" in 5.845 seconds.[0m
notifying browser that file changed:  out/chorechart/core.js
[0mCompiling "target/cljsbuild/public/js/app.js" from ["src/cljs" "src/cljc" "env/dev/cljs"]...[0m
[32mSuccessfully compiled "target/cljsbuild/public/js/app.js" in 6.54 seconds.[0m
notifying browser that file changed:  out/chorechart/core.js
[0mCompiling "target/cljsbuild/public/js/app.js" from ["src/cljs" "src/cljc" "env/dev/cljs"]...[0m
[32mSuccessfully compiled "target/cljsbuild/public/js/app.js" in 8.335 seconds.[0m
notifying browser that file changed:  out/chorechart/core.js
[0mCompiling "target/cljsbuild/public/js/app.js" from ["src/cljs" "src/cljc" "env/dev/cljs"]...[0m
[32mSuccessfully compiled "target/cljsbuild/public/js/app.js" in 9.801 seconds.[0m
notifying browser that file changed:  out/chorechart/core.js
[0mCompiling "target/cljsbuild/public/js/app.js" from ["src/cljs" "src/cljc" "env/dev/cljs"]...[0m
[32mSuccessfully compiled "target/cljsbuild/public/js/app.js" in 7.294 seconds.[0m
notifying browser that file changed:  out/chorechart/core.js
[0mCompiling "target/cljsbuild/public/js/app.js" from ["src/cljs" "src/cljc" "env/dev/cljs"]...[0m
[32mSuccessfully compiled "target/cljsbuild/public/js/app.js" in 9.708 seconds.[0m
notifying browser that file changed:  out/chorechart/core.js
[0mCompiling "target/cljsbuild/public/js/app.js" from ["src/cljs" "src/cljc" "env/dev/cljs"]...[0m
[32mSuccessfully compiled "target/cljsbuild/public/js/app.js" in 5.262 seconds.[0m
notifying browser that file changed:  out/chorechart/core.js
[0mCompiling "target/cljsbuild/public/js/app.js" from ["src/cljs" "src/cljc" "env/dev/cljs"]...[0m
[32mSuccessfully compiled "target/cljsbuild/public/js/app.js" in 5.795 seconds.[0m
notifying browser that file changed:  out/chorechart/core.js
[0mCompiling "target/cljsbuild/public/js/app.js" from ["src/cljs" "src/cljc" "env/dev/cljs"]...[0m
[32mSuccessfully compiled "target/cljsbuild/public/js/app.js" in 5.165 seconds.[0m
notifying browser that file changed:  out/chorechart/core.js
[0mCompiling "target/cljsbuild/public/js/app.js" from ["src/cljs" "src/cljc" "env/dev/cljs"]...[0m
[32mSuccessfully compiled "target/cljsbuild/public/js/app.js" in 5.676 seconds.[0m
notifying browser that file changed:  out/chorechart/core.js
[0mCompiling "target/cljsbuild/public/js/app.js" from ["src/cljs" "src/cljc" "env/dev/cljs"]...[0m
[32mSuccessfully compiled "target/cljsbuild/public/js/app.js" in 5.603 seconds.[0m
notifying browser that file changed:  out/chorechart/core.js
[0mCompiling "target/cljsbuild/public/js/app.js" from ["src/cljs" "src/cljc" "env/dev/cljs"]...[0m
[32mSuccessfully compiled "target/cljsbuild/public/js/app.js" in 6.036 seconds.[0m
notifying browser that file changed:  out/chorechart/core.js
[0mCompiling "target/cljsbuild/public/js/app.js" from ["src/cljs" "src/cljc" "env/dev/cljs"]...[0m
[32mSuccessfully compiled "target/cljsbuild/public/js/app.js" in 5.691 seconds.[0m
notifying browser that file changed:  out/chorechart/core.js
[0mCompiling "target/cljsbuild/public/js/app.js" from ["src/cljs" "src/cljc" "env/dev/cljs"]...[0m
[32mSuccessfully compiled "target/cljsbuild/public/js/app.js" in 5.584 seconds.[0m
notifying browser that file changed:  out/chorechart/core.js
[0mCompiling "target/cljsbuild/public/js/app.js" from ["src/cljs" "src/cljc" "env/dev/cljs"]...[0m
[32mSuccessfully compiled "target/cljsbuild/public/js/app.js" in 5.567 seconds.[0m
notifying browser that file changed:  out/chorechart/core.js
[0mCompiling "target/cljsbuild/public/js/app.js" from ["src/cljs" "src/cljc" "env/dev/cljs"]...[0m
[32mSuccessfully compiled "target/cljsbuild/public/js/app.js" in 5.406 seconds.[0m
notifying browser that file changed:  out/chorechart/core.js
[0mCompiling "target/cljsbuild/public/js/app.js" from ["src/cljs" "src/cljc" "env/dev/cljs"]...[0m
[32mSuccessfully compiled "target/cljsbuild/public/js/app.js" in 5.544 seconds.[0m
notifying browser that file changed:  out/chorechart/core.js
[0mCompiling "target/cljsbuild/public/js/app.js" from ["src/cljs" "src/cljc" "env/dev/cljs"]...[0m
[32mSuccessfully compiled "target/cljsbuild/public/js/app.js" in 5.475 seconds.[0m
notifying browser that file changed:  out/chorechart/core.js
[0mCompiling "target/cljsbuild/public/js/app.js" from ["src/cljs" "src/cljc" "env/dev/cljs"]...[0m
[32mSuccessfully compiled "target/cljsbuild/public/js/app.js" in 5.008 seconds.[0m
notifying browser that file changed:  out/chorechart/core.js
[0mCompiling "target/cljsbuild/public/js/app.js" from ["src/cljs" "src/cljc" "env/dev/cljs"]...[0m
[32mSuccessfully compiled "target/cljsbuild/public/js/app.js" in 5.212 seconds.[0m
notifying browser that file changed:  out/chorechart/core.js
[0mCompiling "target/cljsbuild/public/js/app.js" from ["src/cljs" "src/cljc" "env/dev/cljs"]...[0m
[32mSuccessfully compiled "target/cljsbuild/public/js/app.js" in 5.43 seconds.[0m
notifying browser that file changed:  out/chorechart/core.js
[0mCompiling "target/cljsbuild/public/js/app.js" from ["src/cljs" "src/cljc" "env/dev/cljs"]...[0m
[32mSuccessfully compiled "target/cljsbuild/public/js/app.js" in 5.528 seconds.[0m
notifying browser that file changed:  out/chorechart/core.js
[0mCompiling "target/cljsbuild/public/js/app.js" from ["src/cljs" "src/cljc" "env/dev/cljs"]...[0m
[32mSuccessfully compiled "target/cljsbuild/public/js/app.js" in 5.719 seconds.[0m
notifying browser that file changed:  out/chorechart/core.js
[0mCompiling "target/cljsbuild/public/js/app.js" from ["src/cljs" "src/cljc" "env/dev/cljs"]...[0m
[32mSuccessfully compiled "target/cljsbuild/public/js/app.js" in 5.245 seconds.[0m
notifying browser that file changed:  out/chorechart/core.js
[0mCompiling "target/cljsbuild/public/js/app.js" from ["src/cljs" "src/cljc" "env/dev/cljs"]...[0m
[32mSuccessfully compiled "target/cljsbuild/public/js/app.js" in 6.0 seconds.[0m
notifying browser that file changed:  out/chorechart/core.js
[0mCompiling "target/cljsbuild/public/js/app.js" from ["src/cljs" "src/cljc" "env/dev/cljs"]...[0m
[32mSuccessfully compiled "target/cljsbuild/public/js/app.js" in 5.335 seconds.[0m
notifying browser that file changed:  out/chorechart/core.js
[0mCompiling "target/cljsbuild/public/js/app.js" from ["src/cljs" "src/cljc" "env/dev/cljs"]...[0m
[32mSuccessfully compiled "target/cljsbuild/public/js/app.js" in 5.086 seconds.[0m
notifying browser that file changed:  out/chorechart/core.js
[0mCompiling "target/cljsbuild/public/js/app.js" from ["src/cljs" "src/cljc" "env/dev/cljs"]...[0m
[32mSuccessfully compiled "target/cljsbuild/public/js/app.js" in 5.794 seconds.[0m
notifying browser that file changed:  out/chorechart/core.js
[0mCompiling "target/cljsbuild/public/js/app.js" from ["src/cljs" "src/cljc" "env/dev/cljs"]...[0m
[32mSuccessfully compiled "target/cljsbuild/public/js/app.js" in 5.338 seconds.[0m
notifying browser that file changed:  out/chorechart/core.js
[0mCompiling "target/cljsbuild/public/js/app.js" from ["src/cljs" "src/cljc" "env/dev/cljs"]...[0m
[32mSuccessfully compiled "target/cljsbuild/public/js/app.js" in 5.968 seconds.[0m
notifying browser that file changed:  out/chorechart/core.js
[0mCompiling "target/cljsbuild/public/js/app.js" from ["src/cljs" "src/cljc" "env/dev/cljs"]...[0m
[32mSuccessfully compiled "target/cljsbuild/public/js/app.js" in 5.41 seconds.[0m
notifying browser that file changed:  out/chorechart/core.js
[0mCompiling "target/cljsbuild/public/js/app.js" from ["src/cljs" "src/cljc" "env/dev/cljs"]...[0m
[32mSuccessfully compiled "target/cljsbuild/public/js/app.js" in 4.891 seconds.[0m
notifying browser that file changed:  out/chorechart/core.js
[0mCompiling "target/cljsbuild/public/js/app.js" from ["src/cljs" "src/cljc" "env/dev/cljs"]...[0m
[32mSuccessfully compiled "target/cljsbuild/public/js/app.js" in 5.46 seconds.[0m
notifying browser that file changed:  out/chorechart/core.js
[0mCompiling "target/cljsbuild/public/js/app.js" from ["src/cljs" "src/cljc" "env/dev/cljs"]...[0m
[32mSuccessfully compiled "target/cljsbuild/public/js/app.js" in 10.219 seconds.[0m
notifying browser that file changed:  out/chorechart/core.js
[0mCompiling "target/cljsbuild/public/js/app.js" from ["src/cljs" "src/cljc" "env/dev/cljs"]...[0m
[32mSuccessfully compiled "target/cljsbuild/public/js/app.js" in 5.223 seconds.[0m
notifying browser that file changed:  out/chorechart/core.js
[0mCompiling "target/cljsbuild/public/js/app.js" from ["src/cljs" "src/cljc" "env/dev/cljs"]...[0m
[32mSuccessfully compiled "target/cljsbuild/public/js/app.js" in 5.541 seconds.[0m
notifying browser that file changed:  out/chorechart/core.js
[0mCompiling "target/cljsbuild/public/js/app.js" from ["src/cljs" "src/cljc" "env/dev/cljs"]...[0m
[32mSuccessfully compiled "target/cljsbuild/public/js/app.js" in 5.381 seconds.[0m
notifying browser that file changed:  out/chorechart/core.js
[0mCompiling "target/cljsbuild/public/js/app.js" from ["src/cljs" "src/cljc" "env/dev/cljs"]...[0m
[32mSuccessfully compiled "target/cljsbuild/public/js/app.js" in 5.265 seconds.[0m
notifying browser that file changed:  out/chorechart/core.js
[0mCompiling "target/cljsbuild/public/js/app.js" from ["src/cljs" "src/cljc" "env/dev/cljs"]...[0m
[32mSuccessfully compiled "target/cljsbuild/public/js/app.js" in 5.205 seconds.[0m
notifying browser that file changed:  out/chorechart/core.js
[0mCompiling "target/cljsbuild/public/js/app.js" from ["src/cljs" "src/cljc" "env/dev/cljs"]...[0m
[32mSuccessfully compiled "target/cljsbuild/public/js/app.js" in 4.915 seconds.[0m
notifying browser that file changed:  out/chorechart/core.js
[0mCompiling "target/cljsbuild/public/js/app.js" from ["src/cljs" "src/cljc" "env/dev/cljs"]...[0m
[32mSuccessfully compiled "target/cljsbuild/public/js/app.js" in 5.107 seconds.[0m
notifying browser that file changed:  out/chorechart/core.js
[0mCompiling "target/cljsbuild/public/js/app.js" from ["src/cljs" "src/cljc" "env/dev/cljs"]...[0m
[36m----  Compiler Warning on   src/cljs/chorechart/core.cljs   line:48  column:4  ----[0m

  [1mWrong number of args (2) passed to chorechart.core/select[0m

  [36m45[0m  [36m(defn home-page [][0m
  [36m46[0m  [36m  [:div.container[0m
  [36m47[0m  [36m   (input "first name" :text :person.first-name)[0m
  [33m48[0m  [1m   (select "name" [{:value "option1" :label "Option One"}])[0m
  [0m  [0m  [33m   ^--- Wrong number of args (2) passed to chorechart.core/select[0m
  [36m49[0m  [36m[0m
  [36m50[0m  [36m   [:div.row[0m
  [36m51[0m  [36m    [:div.col-sm-12.col-lg-4[0m
  [36m52[0m  [36m     [:select {:name "name"}[0m
  [36m53[0m  [36m      [:option {:value "option5"} "Option 5"]]]][0m

[36m----  Compiler Warning : Please see src/cljs/chorechart/core.cljs  ----[0m
[32mSuccessfully compiled "target/cljsbuild/public/js/app.js" in 5.809 seconds.[0m
notifying browser that file changed:  out/chorechart/core.js
[0mCompiling "target/cljsbuild/public/js/app.js" from ["src/cljs" "src/cljc" "env/dev/cljs"]...[0m
[32mSuccessfully compiled "target/cljsbuild/public/js/app.js" in 5.407 seconds.[0m
notifying browser that file changed:  out/chorechart/core.js
[0mCompiling "target/cljsbuild/public/js/app.js" from ["src/cljs" "src/cljc" "env/dev/cljs"]...[0m
[32mSuccessfully compiled "target/cljsbuild/public/js/app.js" in 13.929 seconds.[0m
notifying browser that file changed:  target/cljsbuild/public/js/out/goog/deps.js
notifying browser that file changed:  target/cljsbuild/public/js/out/cljs_deps.js
notifying browser that file changed:  out/chorechart/core.js
[0mCompiling "target/cljsbuild/public/js/app.js" from ["src/cljs" "src/cljc" "env/dev/cljs"]...[0m
[32mSuccessfully compiled "target/cljsbuild/public/js/app.js" in 7.227 seconds.[0m
notifying browser that file changed:  out/chorechart/core.js
[0mCompiling "target/cljsbuild/public/js/app.js" from ["src/cljs" "src/cljc" "env/dev/cljs"]...[0m
[32mSuccessfully compiled "target/cljsbuild/public/js/app.js" in 7.162 seconds.[0m
notifying browser that file changed:  out/chorechart/core.js
[0mCompiling "target/cljsbuild/public/js/app.js" from ["src/cljs" "src/cljc" "env/dev/cljs"]...[0m
[32mSuccessfully compiled "target/cljsbuild/public/js/app.js" in 5.921 seconds.[0m
notifying browser that file changed:  out/chorechart/core.js
[0mCompiling "target/cljsbuild/public/js/app.js" from ["src/cljs" "src/cljc" "env/dev/cljs"]...[0m
[32mSuccessfully compiled "target/cljsbuild/public/js/app.js" in 6.226 seconds.[0m
notifying browser that file changed:  out/chorechart/core.js
[0mCompiling "target/cljsbuild/public/js/app.js" from ["src/cljs" "src/cljc" "env/dev/cljs"]...[0m
[32mSuccessfully compiled "target/cljsbuild/public/js/app.js" in 7.059 seconds.[0m
notifying browser that file changed:  out/chorechart/core.js
[0mCompiling "target/cljsbuild/public/js/app.js" from ["src/cljs" "src/cljc" "env/dev/cljs"]...[0m
[32mSuccessfully compiled "target/cljsbuild/public/js/app.js" in 6.492 seconds.[0m
notifying browser that file changed:  out/chorechart/core.js
[0mCompiling "target/cljsbuild/public/js/app.js" from ["src/cljs" "src/cljc" "env/dev/cljs"]...[0m
[32mSuccessfully compiled "target/cljsbuild/public/js/app.js" in 8.725 seconds.[0m
notifying browser that file changed:  out/chorechart/core.js
[0mCompiling "target/cljsbuild/public/js/app.js" from ["src/cljs" "src/cljc" "env/dev/cljs"]...[0m
[32mSuccessfully compiled "target/cljsbuild/public/js/app.js" in 5.059 seconds.[0m
notifying browser that file changed:  out/chorechart/core.js
[0mCompiling "target/cljsbuild/public/js/app.js" from ["src/cljs" "src/cljc" "env/dev/cljs"]...[0m
[32mSuccessfully compiled "target/cljsbuild/public/js/app.js" in 5.607 seconds.[0m
notifying browser that file changed:  out/chorechart/core.js
[0mCompiling "target/cljsbuild/public/js/app.js" from ["src/cljs" "src/cljc" "env/dev/cljs"]...[0m
[32mSuccessfully compiled "target/cljsbuild/public/js/app.js" in 5.919 seconds.[0m
notifying browser that file changed:  out/chorechart/core.js
[0mCompiling "target/cljsbuild/public/js/app.js" from ["src/cljs" "src/cljc" "env/dev/cljs"]...[0m
[32mSuccessfully compiled "target/cljsbuild/public/js/app.js" in 5.551 seconds.[0m
notifying browser that file changed:  out/chorechart/core.js
[0mCompiling "target/cljsbuild/public/js/app.js" from ["src/cljs" "src/cljc" "env/dev/cljs"]...[0m
[32mSuccessfully compiled "target/cljsbuild/public/js/app.js" in 5.489 seconds.[0m
notifying browser that file changed:  out/chorechart/core.js
[0mCompiling "target/cljsbuild/public/js/app.js" from ["src/cljs" "src/cljc" "env/dev/cljs"]...[0m
[32mSuccessfully compiled "target/cljsbuild/public/js/app.js" in 5.823 seconds.[0m
notifying browser that file changed:  out/chorechart/core.js
[0mCompiling "target/cljsbuild/public/js/app.js" from ["src/cljs" "src/cljc" "env/dev/cljs"]...[0m
[32mSuccessfully compiled "target/cljsbuild/public/js/app.js" in 5.384 seconds.[0m
notifying browser that file changed:  out/chorechart/core.js
[0mCompiling "target/cljsbuild/public/js/app.js" from ["src/cljs" "src/cljc" "env/dev/cljs"]...[0m
[32mSuccessfully compiled "target/cljsbuild/public/js/app.js" in 6.289 seconds.[0m
notifying browser that file changed:  out/chorechart/core.js
[0mCompiling "target/cljsbuild/public/js/app.js" from ["src/cljs" "src/cljc" "env/dev/cljs"]...[0m
[32mSuccessfully compiled "target/cljsbuild/public/js/app.js" in 5.986 seconds.[0m
notifying browser that file changed:  out/chorechart/core.js
[0mCompiling "target/cljsbuild/public/js/app.js" from ["src/cljs" "src/cljc" "env/dev/cljs"]...[0m
[32mSuccessfully compiled "target/cljsbuild/public/js/app.js" in 5.089 seconds.[0m
notifying browser that file changed:  out/chorechart/core.js
Notifyng browser that CSS file changed: resources/public/css/screen.css
Notifyng browser that CSS file changed: resources/public/css/screen.css
Notifyng browser that CSS file changed: resources/public/css/screen.css
Notifyng browser that CSS file changed: resources/public/css/screen.css
Notifyng browser that CSS file changed: resources/public/css/screen.css
[0mCompiling "target/cljsbuild/public/js/app.js" from ["src/cljs" "src/cljc" "env/dev/cljs"]...[0m
[32mSuccessfully compiled "target/cljsbuild/public/js/app.js" in 6.889 seconds.[0m
notifying browser that file changed:  out/chorechart/core.js
[0mCompiling "target/cljsbuild/public/js/app.js" from ["src/cljs" "src/cljc" "env/dev/cljs"]...[0m
[36m----  Compiler Warning on   src/cljs/chorechart/core.cljs   line:42  column:38  ----[0m

  [1mUse of undeclared Var chorechart.core/dispatch[0m

  [36m38[0m  [36m(defn input [label name type][0m
  [36m39[0m  [36m  (row label [:input.form-control {:type type[0m
  [36m40[0m  [36m                                   :name name[0m
  [36m41[0m  [36m                                   :on-change[0m
  [33m42[0m  [1m                                   #(dispatch [dispatch-key (-> % .-target .-value)])}]))[0m
  [0m  [0m  [33m                                     ^--- Use of undeclared Var chorechart.core/dispatch[0m
  [36m43[0m  [36m[0m
  [36m44[0m  [36m(defn select [label name options dispatch-key][0m
  [36m45[0m  [36m  (row label (into[0m
  [36m46[0m  [36m              [:select.form-control {:name name[0m
  [36m47[0m  [36m                                     :on-change #(dispatch[0m

[36m----  Compiler Warning : Please see src/cljs/chorechart/core.cljs  ----[0m
[36m----  Compiler Warning on   src/cljs/chorechart/core.cljs   line:42  column:48  ----[0m

  [1mUse of undeclared Var chorechart.core/dispatch-key[0m

  [36m38[0m  [36m(defn input [label name type][0m
  [36m39[0m  [36m  (row label [:input.form-control {:type type[0m
  [36m40[0m  [36m                                   :name name[0m
  [36m41[0m  [36m                                   :on-change[0m
  [33m42[0m  [1m                                   #(dispatch [dispatch-key (-> % .-target .-value)])}]))[0m
  [0m  [0m  [33m                                               ^--- Use of undeclared Var chorechart.core/dispatch-key[0m
  [36m43[0m  [36m[0m
  [36m44[0m  [36m(defn select [label name options dispatch-key][0m
  [36m45[0m  [36m  (row label (into[0m
  [36m46[0m  [36m              [:select.form-control {:name name[0m
  [36m47[0m  [36m                                     :on-change #(dispatch[0m

[36m----  Compiler Warning : Please see src/cljs/chorechart/core.cljs  ----[0m
[36m----  Compiler Warning on   src/cljs/chorechart/core.cljs   line:47  column:51  ----[0m

  [1mUse of undeclared Var chorechart.core/dispatch[0m

  [36m44[0m  [36m(defn select [label name options dispatch-key][0m
  [36m45[0m  [36m  (row label (into[0m
  [36m46[0m  [36m              [:select.form-control {:name name[0m
  [33m47[0m  [1m                                     :on-change #(dispatch[0m
  [0m  [0m  [33m                                                  ^--- Use of undeclared Var chorechart.core/dispatch[0m
  [36m48[0m  [36m                                                  [dispatch-key (-> % .-target .-value)])}][0m
  [36m49[0m  [36m              (mapv #(-> [:option {:value (:value %)} (:label %)]) options))))[0m
  [36m50[0m  [36m[0m
  [36m51[0m  [36m(defn home-page [][0m
  [36m52[0m  [36m  [:div.container[0m

[36m----  Compiler Warning : Please see src/cljs/chorechart/core.cljs  ----[0m
[31mFailed to compile "target/cljsbuild/public/js/app.js" in 4.512 seconds.[0m
[36m----  Could not Read  src/cljs/chorechart/core.cljs   line:65  column:29  ----[0m

  [1mMap literal must contain an even number of forms[0m

  [36m63[0m  [36m    {:on-click[0m
  [36m64[0m  [36m     #(POST (str js/context "/add")[0m
  [33m65[0m  [1m          {:params {:chore }})} "Submit"][0m
  [0m  [0m  [33m                            ^--- Map literal must contain an even number of forms[0m
  [36m66[0m  [36m   ])[0m
  [36m67[0m  [36m[0m
  [36m68[0m  [36m(def pages[0m

[36m----  Reader Error : Please see src/cljs/chorechart/core.cljs  ----[0m
[0mCompiling "target/cljsbuild/public/js/app.js" from ["src/cljs" "src/cljc" "env/dev/cljs"]...[0m
[36m----  Compiler Warning on   src/cljs/chorechart/core.cljs   line:42  column:38  ----[0m

  [1mUse of undeclared Var chorechart.core/dispatch[0m

  [36m38[0m  [36m(defn input [label name type dispatch-key][0m
  [36m39[0m  [36m  (row label [:input.form-control {:type type[0m
  [36m40[0m  [36m                                   :name name[0m
  [36m41[0m  [36m                                   :on-change[0m
  [33m42[0m  [1m                                   #(dispatch [dispatch-key (-> % .-target .-value)])}]))[0m
  [0m  [0m  [33m                                     ^--- Use of undeclared Var chorechart.core/dispatch[0m
  [36m43[0m  [36m[0m
  [36m44[0m  [36m(defn select [label name options dispatch-key][0m
  [36m45[0m  [36m  (row label (into[0m
  [36m46[0m  [36m              [:select.form-control {:name name[0m
  [36m47[0m  [36m                                     :on-change #(dispatch[0m

[36m----  Compiler Warning : Please see src/cljs/chorechart/core.cljs  ----[0m
[36m----  Compiler Warning on   src/cljs/chorechart/core.cljs   line:47  column:51  ----[0m

  [1mUse of undeclared Var chorechart.core/dispatch[0m

  [36m44[0m  [36m(defn select [label name options dispatch-key][0m
  [36m45[0m  [36m  (row label (into[0m
  [36m46[0m  [36m              [:select.form-control {:name name[0m
  [33m47[0m  [1m                                     :on-change #(dispatch[0m
  [0m  [0m  [33m                                                  ^--- Use of undeclared Var chorechart.core/dispatch[0m
  [36m48[0m  [36m                                                  [dispatch-key (-> % .-target .-value)])}][0m
  [36m49[0m  [36m              (mapv #(-> [:option {:value (:value %)} (:label %)]) options))))[0m
  [36m50[0m  [36m[0m
  [36m51[0m  [36m(defn home-page [][0m
  [36m52[0m  [36m  [:div.container[0m

[36m----  Compiler Warning : Please see src/cljs/chorechart/core.cljs  ----[0m
[31mFailed to compile "target/cljsbuild/public/js/app.js" in 4.027 seconds.[0m
[36m----  Could not Read  src/cljs/chorechart/core.cljs   line:65  column:29  ----[0m

  [1mMap literal must contain an even number of forms[0m

  [36m63[0m  [36m    {:on-click[0m
  [36m64[0m  [36m     #(POST (str js/context "/add")[0m
  [33m65[0m  [1m          {:params {:chore }})} "Submit"][0m
  [0m  [0m  [33m                            ^--- Map literal must contain an even number of forms[0m
  [36m66[0m  [36m   ])[0m
  [36m67[0m  [36m[0m
  [36m68[0m  [36m(def pages[0m

[36m----  Reader Error : Please see src/cljs/chorechart/core.cljs  ----[0m
[0mCompiling "target/cljsbuild/public/js/app.js" from ["src/cljs" "src/cljc" "env/dev/cljs"]...[0m
[31mFailed to compile "target/cljsbuild/public/js/app.js" in 3.408 seconds.[0m
[36m----  Could not Read  src/cljs/chorechart/handlers.cljs   line:20  column:1  ----[0m

  [1mEOF while reading, starting at line 20 and column 1[0m

  [36m18[0m  [36m    (assoc db :docs docs)))[0m
  [36m19[0m  [36m[0m
  [33m20[0m  [1m(reg-event-db[0m
  [0m  [0m  [33m^--- EOF while reading, starting at line 20 and column 1[0m
  [36m21[0m  [36m :set-chore[0m
  [36m22[0m  [36m (path [:current :chore][0m
  [36m23[0m  [36m       (fn [old-chore [_ new-chore]][0m

[36m----  Reader Error : Please see src/cljs/chorechart/handlers.cljs  ----[0m
[0mCompiling "target/cljsbuild/public/js/app.js" from ["src/cljs" "src/cljc" "env/dev/cljs"]...[0m
[31mFailed to compile "target/cljsbuild/public/js/app.js" in 3.51 seconds.[0m
[36m----  Could not Read  src/cljs/chorechart/handlers.cljs   line:20  column:1  ----[0m

  [1mEOF while reading, starting at line 20 and column 1[0m

  [36m18[0m  [36m    (assoc db :docs docs)))[0m
  [36m19[0m  [36m[0m
  [33m20[0m  [1m(reg-event-db[0m
  [0m  [0m  [33m^--- EOF while reading, starting at line 20 and column 1[0m
  [36m21[0m  [36m :set-chore[0m
  [36m22[0m  [36m (path [:current :chore][0m
  [36m23[0m  [36m       (fn [old-chore [_ new-chore]][0m

[36m----  Reader Error : Please see src/cljs/chorechart/handlers.cljs  ----[0m
[0mCompiling "target/cljsbuild/public/js/app.js" from ["src/cljs" "src/cljc" "env/dev/cljs"]...[0m
[36m----  Compiler Warning on   src/cljs/chorechart/core.cljs   line:42  column:38  ----[0m

  [1mUse of undeclared Var chorechart.core/dispatch[0m

  [36m38[0m  [36m(defn input [label name type dispatch-key][0m
  [36m39[0m  [36m  (row label [:input.form-control {:type type[0m
  [36m40[0m  [36m                                   :name name[0m
  [36m41[0m  [36m                                   :on-change[0m
  [33m42[0m  [1m                                   #(dispatch [dispatch-key (-> % .-target .-value)])}]))[0m
  [0m  [0m  [33m                                     ^--- Use of undeclared Var chorechart.core/dispatch[0m
  [36m43[0m  [36m[0m
  [36m44[0m  [36m(defn select [label name options dispatch-key][0m
  [36m45[0m  [36m  (row label (into[0m
  [36m46[0m  [36m              [:select.form-control {:name name[0m
  [36m47[0m  [36m                                     :on-change #(dispatch[0m

[36m----  Compiler Warning : Please see src/cljs/chorechart/core.cljs  ----[0m
[36m----  Compiler Warning on   src/cljs/chorechart/core.cljs   line:47  column:51  ----[0m

  [1mUse of undeclared Var chorechart.core/dispatch[0m

  [36m44[0m  [36m(defn select [label name options dispatch-key][0m
  [36m45[0m  [36m  (row label (into[0m
  [36m46[0m  [36m              [:select.form-control {:name name[0m
  [33m47[0m  [1m                                     :on-change #(dispatch[0m
  [0m  [0m  [33m                                                  ^--- Use of undeclared Var chorechart.core/dispatch[0m
  [36m48[0m  [36m                                                  [dispatch-key (-> % .-target .-value)])}][0m
  [36m49[0m  [36m              (mapv #(-> [:option {:value (:value %)} (:label %)]) options))))[0m
  [36m50[0m  [36m[0m
  [36m51[0m  [36m(defn home-page [][0m
  [36m52[0m  [36m  [:div.container[0m

[36m----  Compiler Warning : Please see src/cljs/chorechart/core.cljs  ----[0m
[31mFailed to compile "target/cljsbuild/public/js/app.js" in 3.866 seconds.[0m
[36m----  Could not Read  src/cljs/chorechart/core.cljs   line:65  column:29  ----[0m

  [1mMap literal must contain an even number of forms[0m

  [36m63[0m  [36m    {:on-click[0m
  [36m64[0m  [36m     #(POST (str js/context "/add")[0m
  [33m65[0m  [1m          {:params {:chore }})} "Submit"][0m
  [0m  [0m  [33m                            ^--- Map literal must contain an even number of forms[0m
  [36m66[0m  [36m   ])[0m
  [36m67[0m  [36m[0m
  [36m68[0m  [36m(def pages[0m

[36m----  Reader Error : Please see src/cljs/chorechart/core.cljs  ----[0m
[0mCompiling "target/cljsbuild/public/js/app.js" from ["src/cljs" "src/cljc" "env/dev/cljs"]...[0m
[36m----  Compiler Warning on   src/cljs/chorechart/core.cljs   line:42  column:38  ----[0m

  [1mUse of undeclared Var chorechart.core/dispatch[0m

  [36m38[0m  [36m(defn input [label name type dispatch-key][0m
  [36m39[0m  [36m  (row label [:input.form-control {:type type[0m
  [36m40[0m  [36m                                   :name name[0m
  [36m41[0m  [36m                                   :on-change[0m
  [33m42[0m  [1m                                   #(dispatch [dispatch-key (-> % .-target .-value)])}]))[0m
  [0m  [0m  [33m                                     ^--- Use of undeclared Var chorechart.core/dispatch[0m
  [36m43[0m  [36m[0m
  [36m44[0m  [36m(defn select [label name options dispatch-key][0m
  [36m45[0m  [36m  (row label (into[0m
  [36m46[0m  [36m              [:select.form-control {:name name[0m
  [36m47[0m  [36m                                     :on-change #(dispatch[0m

[36m----  Compiler Warning : Please see src/cljs/chorechart/core.cljs  ----[0m
[36m----  Compiler Warning on   src/cljs/chorechart/core.cljs   line:47  column:51  ----[0m

  [1mUse of undeclared Var chorechart.core/dispatch[0m

  [36m44[0m  [36m(defn select [label name options dispatch-key][0m
  [36m45[0m  [36m  (row label (into[0m
  [36m46[0m  [36m              [:select.form-control {:name name[0m
  [33m47[0m  [1m                                     :on-change #(dispatch[0m
  [0m  [0m  [33m                                                  ^--- Use of undeclared Var chorechart.core/dispatch[0m
  [36m48[0m  [36m                                                  [dispatch-key (-> % .-target .-value)])}][0m
  [36m49[0m  [36m              (mapv #(-> [:option {:value (:value %)} (:label %)]) options))))[0m
  [36m50[0m  [36m[0m
  [36m51[0m  [36m(defn home-page [][0m
  [36m52[0m  [36m  [:div.container[0m

[36m----  Compiler Warning : Please see src/cljs/chorechart/core.cljs  ----[0m
[31mFailed to compile "target/cljsbuild/public/js/app.js" in 4.486 seconds.[0m
[36m----  Could not Read  src/cljs/chorechart/core.cljs   line:65  column:29  ----[0m

  [1mMap literal must contain an even number of forms[0m

  [36m63[0m  [36m    {:on-click[0m
  [36m64[0m  [36m     #(POST (str js/context "/add")[0m
  [33m65[0m  [1m          {:params {:chore }})} "Submit"][0m
  [0m  [0m  [33m                            ^--- Map literal must contain an even number of forms[0m
  [36m66[0m  [36m   ])[0m
  [36m67[0m  [36m[0m
  [36m68[0m  [36m(def pages[0m

[36m----  Reader Error : Please see src/cljs/chorechart/core.cljs  ----[0m
[0mCompiling "target/cljsbuild/public/js/app.js" from ["src/cljs" "src/cljc" "env/dev/cljs"]...[0m
[36m----  Compiler Warning on   src/cljs/chorechart/core.cljs   line:42  column:38  ----[0m

  [1mUse of undeclared Var chorechart.core/dispatch[0m

  [36m38[0m  [36m(defn input [label name type dispatch-key][0m
  [36m39[0m  [36m  (row label [:input.form-control {:type type[0m
  [36m40[0m  [36m                                   :name name[0m
  [36m41[0m  [36m                                   :on-change[0m
  [33m42[0m  [1m                                   #(dispatch [dispatch-key (-> % .-target .-value)])}]))[0m
  [0m  [0m  [33m                                     ^--- Use of undeclared Var chorechart.core/dispatch[0m
  [36m43[0m  [36m[0m
  [36m44[0m  [36m(defn select [label name options dispatch-key][0m
  [36m45[0m  [36m  (row label (into[0m
  [36m46[0m  [36m              [:select.form-control {:name name[0m
  [36m47[0m  [36m                                     :on-change #(dispatch[0m

[36m----  Compiler Warning : Please see src/cljs/chorechart/core.cljs  ----[0m
[36m----  Compiler Warning on   src/cljs/chorechart/core.cljs   line:47  column:51  ----[0m

  [1mUse of undeclared Var chorechart.core/dispatch[0m

  [36m44[0m  [36m(defn select [label name options dispatch-key][0m
  [36m45[0m  [36m  (row label (into[0m
  [36m46[0m  [36m              [:select.form-control {:name name[0m
  [33m47[0m  [1m                                     :on-change #(dispatch[0m
  [0m  [0m  [33m                                                  ^--- Use of undeclared Var chorechart.core/dispatch[0m
  [36m48[0m  [36m                                                  [dispatch-key (-> % .-target .-value)])}][0m
  [36m49[0m  [36m              (mapv #(-> [:option {:value (:value %)} (:label %)]) options))))[0m
  [36m50[0m  [36m[0m
  [36m51[0m  [36m(defn home-page [][0m
  [36m52[0m  [36m  [:div.container[0m

[36m----  Compiler Warning : Please see src/cljs/chorechart/core.cljs  ----[0m
[31mFailed to compile "target/cljsbuild/public/js/app.js" in 4.046 seconds.[0m
[36m----  Could not Read  src/cljs/chorechart/core.cljs   line:65  column:29  ----[0m

  [1mMap literal must contain an even number of forms[0m

  [36m63[0m  [36m    {:on-click[0m
  [36m64[0m  [36m     #(POST (str js/context "/add")[0m
  [33m65[0m  [1m          {:params {:chore }})} "Submit"][0m
  [0m  [0m  [33m                            ^--- Map literal must contain an even number of forms[0m
  [36m66[0m  [36m   ])[0m
  [36m67[0m  [36m[0m
  [36m68[0m  [36m(def pages[0m

[36m----  Reader Error : Please see src/cljs/chorechart/core.cljs  ----[0m
[0mCompiling "target/cljsbuild/public/js/app.js" from ["src/cljs" "src/cljc" "env/dev/cljs"]...[0m
[36m----  Compiler Warning on   src/cljs/chorechart/core.cljs   line:42  column:38  ----[0m

  [1mUse of undeclared Var chorechart.core/dispatch[0m

  [36m38[0m  [36m(defn input [label name type dispatch-key][0m
  [36m39[0m  [36m  (row label [:input.form-control {:type type[0m
  [36m40[0m  [36m                                   :name name[0m
  [36m41[0m  [36m                                   :on-change[0m
  [33m42[0m  [1m                                   #(dispatch [dispatch-key (-> % .-target .-value)])}]))[0m
  [0m  [0m  [33m                                     ^--- Use of undeclared Var chorechart.core/dispatch[0m
  [36m43[0m  [36m[0m
  [36m44[0m  [36m(defn select [label name options dispatch-key][0m
  [36m45[0m  [36m  (row label (into[0m
  [36m46[0m  [36m              [:select.form-control {:name name[0m
  [36m47[0m  [36m                                     :on-change #(dispatch[0m

[36m----  Compiler Warning : Please see src/cljs/chorechart/core.cljs  ----[0m
[36m----  Compiler Warning on   src/cljs/chorechart/core.cljs   line:47  column:51  ----[0m

  [1mUse of undeclared Var chorechart.core/dispatch[0m

  [36m44[0m  [36m(defn select [label name options dispatch-key][0m
  [36m45[0m  [36m  (row label (into[0m
  [36m46[0m  [36m              [:select.form-control {:name name[0m
  [33m47[0m  [1m                                     :on-change #(dispatch[0m
  [0m  [0m  [33m                                                  ^--- Use of undeclared Var chorechart.core/dispatch[0m
  [36m48[0m  [36m                                                  [dispatch-key (-> % .-target .-value)])}][0m
  [36m49[0m  [36m              (mapv #(-> [:option {:value (:value %)} (:label %)]) options))))[0m
  [36m50[0m  [36m[0m
  [36m51[0m  [36m(defn home-page [][0m
  [36m52[0m  [36m  [:div.container[0m

[36m----  Compiler Warning : Please see src/cljs/chorechart/core.cljs  ----[0m
[31mFailed to compile "target/cljsbuild/public/js/app.js" in 4.086 seconds.[0m
[36m----  Could not Read  src/cljs/chorechart/core.cljs   line:66  column:29  ----[0m

  [1mMap literal must contain an even number of forms[0m

  [36m64[0m  [36m    {:on-click[0m
  [36m65[0m  [36m     #(POST (str js/context "/add")[0m
  [33m66[0m  [1m          {:params {:chore }})} "Submit"][0m
  [0m  [0m  [33m                            ^--- Map literal must contain an even number of forms[0m
  [36m67[0m  [36m   ])[0m
  [36m68[0m  [36m[0m
  [36m69[0m  [36m(def pages[0m

[36m----  Reader Error : Please see src/cljs/chorechart/core.cljs  ----[0m
[0mCompiling "target/cljsbuild/public/js/app.js" from ["src/cljs" "src/cljc" "env/dev/cljs"]...[0m
[36m----  Compiler Warning on   src/cljs/chorechart/core.cljs   line:42  column:38  ----[0m

  [1mUse of undeclared Var chorechart.core/dispatch[0m

  [36m38[0m  [36m(defn input [label name type dispatch-key][0m
  [36m39[0m  [36m  (row label [:input.form-control {:type type[0m
  [36m40[0m  [36m                                   :name name[0m
  [36m41[0m  [36m                                   :on-change[0m
  [33m42[0m  [1m                                   #(dispatch [dispatch-key (-> % .-target .-value)])}]))[0m
  [0m  [0m  [33m                                     ^--- Use of undeclared Var chorechart.core/dispatch[0m
  [36m43[0m  [36m[0m
  [36m44[0m  [36m(defn select [label name options dispatch-key][0m
  [36m45[0m  [36m  (row label (into[0m
  [36m46[0m  [36m              [:select.form-control {:name name[0m
  [36m47[0m  [36m                                     :on-change #(dispatch[0m

[36m----  Compiler Warning : Please see src/cljs/chorechart/core.cljs  ----[0m
[36m----  Compiler Warning on   src/cljs/chorechart/core.cljs   line:47  column:51  ----[0m

  [1mUse of undeclared Var chorechart.core/dispatch[0m

  [36m44[0m  [36m(defn select [label name options dispatch-key][0m
  [36m45[0m  [36m  (row label (into[0m
  [36m46[0m  [36m              [:select.form-control {:name name[0m
  [33m47[0m  [1m                                     :on-change #(dispatch[0m
  [0m  [0m  [33m                                                  ^--- Use of undeclared Var chorechart.core/dispatch[0m
  [36m48[0m  [36m                                                  [dispatch-key (-> % .-target .-value)])}][0m
  [36m49[0m  [36m              (mapv #(-> [:option {:value (:value %)} (:label %)]) options))))[0m
  [36m50[0m  [36m[0m
  [36m51[0m  [36m(defn home-page [][0m
  [36m52[0m  [36m  [:div.container[0m

[36m----  Compiler Warning : Please see src/cljs/chorechart/core.cljs  ----[0m
[31mFailed to compile "target/cljsbuild/public/js/app.js" in 3.996 seconds.[0m
[36m----  Could not Read  src/cljs/chorechart/core.cljs   line:66  column:29  ----[0m

  [1mMap literal must contain an even number of forms[0m

  [36m64[0m  [36m    {:on-click[0m
  [36m65[0m  [36m     #(POST (str js/context "/add")[0m
  [33m66[0m  [1m          {:params {:chore }})} "Submit"][0m
  [0m  [0m  [33m                            ^--- Map literal must contain an even number of forms[0m
  [36m67[0m  [36m   ])[0m
  [36m68[0m  [36m[0m
  [36m69[0m  [36m(def pages[0m

[36m----  Reader Error : Please see src/cljs/chorechart/core.cljs  ----[0m
[0mCompiling "target/cljsbuild/public/js/app.js" from ["src/cljs" "src/cljc" "env/dev/cljs"]...[0m
[36m----  Compiler Warning on   src/cljs/chorechart/core.cljs   line:42  column:38  ----[0m

  [1mUse of undeclared Var chorechart.core/dispatch[0m

  [36m38[0m  [36m(defn input [label name type dispatch-key][0m
  [36m39[0m  [36m  (row label [:input.form-control {:type type[0m
  [36m40[0m  [36m                                   :name name[0m
  [36m41[0m  [36m                                   :on-change[0m
  [33m42[0m  [1m                                   #(dispatch [dispatch-key (-> % .-target .-value)])}]))[0m
  [0m  [0m  [33m                                     ^--- Use of undeclared Var chorechart.core/dispatch[0m
  [36m43[0m  [36m[0m
  [36m44[0m  [36m(defn select [label name options dispatch-key][0m
  [36m45[0m  [36m  (row label (into[0m
  [36m46[0m  [36m              [:select.form-control {:name name[0m
  [36m47[0m  [36m                                     :on-change #(dispatch[0m

[36m----  Compiler Warning : Please see src/cljs/chorechart/core.cljs  ----[0m
[36m----  Compiler Warning on   src/cljs/chorechart/core.cljs   line:47  column:51  ----[0m

  [1mUse of undeclared Var chorechart.core/dispatch[0m

  [36m44[0m  [36m(defn select [label name options dispatch-key][0m
  [36m45[0m  [36m  (row label (into[0m
  [36m46[0m  [36m              [:select.form-control {:name name[0m
  [33m47[0m  [1m                                     :on-change #(dispatch[0m
  [0m  [0m  [33m                                                  ^--- Use of undeclared Var chorechart.core/dispatch[0m
  [36m48[0m  [36m                                                  [dispatch-key (-> % .-target .-value)])}][0m
  [36m49[0m  [36m              (mapv #(-> [:option {:value (:value %)} (:label %)]) options))))[0m
  [36m50[0m  [36m[0m
  [36m51[0m  [36m(defn home-page [][0m
  [36m52[0m  [36m  [:div.container[0m

[36m----  Compiler Warning : Please see src/cljs/chorechart/core.cljs  ----[0m
[31mFailed to compile "target/cljsbuild/public/js/app.js" in 3.874 seconds.[0m
[36m----  Could not Read  src/cljs/chorechart/core.cljs   line:66  column:29  ----[0m

  [1mMap literal must contain an even number of forms[0m

  [36m64[0m  [36m    {:on-click[0m
  [36m65[0m  [36m     #(POST (str js/context "/add")[0m
  [33m66[0m  [1m          {:params {:chore }})} "Submit"][0m
  [0m  [0m  [33m                            ^--- Map literal must contain an even number of forms[0m
  [36m67[0m  [36m   ])[0m
  [36m68[0m  [36m[0m
  [36m69[0m  [36m(def pages[0m

[36m----  Reader Error : Please see src/cljs/chorechart/core.cljs  ----[0m
[0mCompiling "target/cljsbuild/public/js/app.js" from ["src/cljs" "src/cljc" "env/dev/cljs"]...[0m
[36m----  Compiler Warning on   src/cljs/chorechart/core.cljs   line:42  column:38  ----[0m

  [1mUse of undeclared Var chorechart.core/dispatch[0m

  [36m38[0m  [36m(defn input [label name type dispatch-key][0m
  [36m39[0m  [36m  (row label [:input.form-control {:type type[0m
  [36m40[0m  [36m                                   :name name[0m
  [36m41[0m  [36m                                   :on-change[0m
  [33m42[0m  [1m                                   #(dispatch [dispatch-key (-> % .-target .-value)])}]))[0m
  [0m  [0m  [33m                                     ^--- Use of undeclared Var chorechart.core/dispatch[0m
  [36m43[0m  [36m[0m
  [36m44[0m  [36m(defn select [label name options dispatch-key][0m
  [36m45[0m  [36m  (row label (into[0m
  [36m46[0m  [36m              [:select.form-control {:name name[0m
  [36m47[0m  [36m                                     :on-change #(dispatch[0m

[36m----  Compiler Warning : Please see src/cljs/chorechart/core.cljs  ----[0m
[36m----  Compiler Warning on   src/cljs/chorechart/core.cljs   line:47  column:51  ----[0m

  [1mUse of undeclared Var chorechart.core/dispatch[0m

  [36m44[0m  [36m(defn select [label name options dispatch-key][0m
  [36m45[0m  [36m  (row label (into[0m
  [36m46[0m  [36m              [:select.form-control {:name name[0m
  [33m47[0m  [1m                                     :on-change #(dispatch[0m
  [0m  [0m  [33m                                                  ^--- Use of undeclared Var chorechart.core/dispatch[0m
  [36m48[0m  [36m                                                  [dispatch-key (-> % .-target .-value)])}][0m
  [36m49[0m  [36m              (mapv #(-> [:option {:value (:value %)} (:label %)]) options))))[0m
  [36m50[0m  [36m[0m
  [36m51[0m  [36m(defn submit-btn [][0m
  [36m52[0m  [36m  (let [current (subscribe [:current])][0m

[36m----  Compiler Warning : Please see src/cljs/chorechart/core.cljs  ----[0m
[36m----  Compiler Warning on   src/cljs/chorechart/core.cljs   line:52  column:18  ----[0m

  [1mUse of undeclared Var chorechart.core/subscribe[0m

  [36m48[0m  [36m                                                  [dispatch-key (-> % .-target .-value)])}][0m
  [36m49[0m  [36m              (mapv #(-> [:option {:value (:value %)} (:label %)]) options))))[0m
  [36m50[0m  [36m[0m
  [36m51[0m  [36m(defn submit-btn [][0m
  [33m52[0m  [1m  (let [current (subscribe [:current])][0m
  [0m  [0m  [33m                 ^--- Use of undeclared Var chorechart.core/subscribe[0m
  [36m53[0m  [36m    (fn submit-btn-inner [][0m
  [36m54[0m  [36m      [:button.btn[0m
  [36m55[0m  [36m       {:on-click[0m
  [36m56[0m  [36m        #(POST (str js/context "/add")[0m
  [36m57[0m  [36m             {:params current})} "Submit"])))[0m

[36m----  Compiler Warning : Please see src/cljs/chorechart/core.cljs  ----[0m
[32mSuccessfully compiled "target/cljsbuild/public/js/app.js" in 5.869 seconds.[0m
notifying browser that file changed:  out/chorechart/core.js
[0mCompiling "target/cljsbuild/public/js/app.js" from ["src/cljs" "src/cljc" "env/dev/cljs"]...[0m
[36m----  Compiler Warning on   src/cljs/chorechart/core.cljs   line:42  column:38  ----[0m

  [1mUse of undeclared Var chorechart.core/dispatch[0m

  [36m38[0m  [36m(defn input [label name type dispatch-key][0m
  [36m39[0m  [36m  (row label [:input.form-control {:type type[0m
  [36m40[0m  [36m                                   :name name[0m
  [36m41[0m  [36m                                   :on-change[0m
  [33m42[0m  [1m                                   #(dispatch [dispatch-key (-> % .-target .-value)])}]))[0m
  [0m  [0m  [33m                                     ^--- Use of undeclared Var chorechart.core/dispatch[0m
  [36m43[0m  [36m[0m
  [36m44[0m  [36m(defn select [label name dispatch-key options][0m
  [36m45[0m  [36m  (row label (into[0m
  [36m46[0m  [36m              [:select.form-control {:name name[0m
  [36m47[0m  [36m                                     :on-change #(dispatch[0m

[36m----  Compiler Warning : Please see src/cljs/chorechart/core.cljs  ----[0m
[36m----  Compiler Warning on   src/cljs/chorechart/core.cljs   line:47  column:51  ----[0m

  [1mUse of undeclared Var chorechart.core/dispatch[0m

  [36m44[0m  [36m(defn select [label name dispatch-key options][0m
  [36m45[0m  [36m  (row label (into[0m
  [36m46[0m  [36m              [:select.form-control {:name name[0m
  [33m47[0m  [1m                                     :on-change #(dispatch[0m
  [0m  [0m  [33m                                                  ^--- Use of undeclared Var chorechart.core/dispatch[0m
  [36m48[0m  [36m                                                  [dispatch-key (-> % .-target .-value)])}][0m
  [36m49[0m  [36m              (mapv #(-> [:option {:value (:value %)} (:label %)]) options))))[0m
  [36m50[0m  [36m[0m
  [36m51[0m  [36m(defn submit-btn [][0m
  [36m52[0m  [36m  (let [current (subscribe [:current])][0m

[36m----  Compiler Warning : Please see src/cljs/chorechart/core.cljs  ----[0m
[36m----  Compiler Warning on   src/cljs/chorechart/core.cljs   line:52  column:18  ----[0m

  [1mUse of undeclared Var chorechart.core/subscribe[0m

  [36m48[0m  [36m                                                  [dispatch-key (-> % .-target .-value)])}][0m
  [36m49[0m  [36m              (mapv #(-> [:option {:value (:value %)} (:label %)]) options))))[0m
  [36m50[0m  [36m[0m
  [36m51[0m  [36m(defn submit-btn [][0m
  [33m52[0m  [1m  (let [current (subscribe [:current])][0m
  [0m  [0m  [33m                 ^--- Use of undeclared Var chorechart.core/subscribe[0m
  [36m53[0m  [36m    (fn submit-btn-inner [][0m
  [36m54[0m  [36m      [:button.btn[0m
  [36m55[0m  [36m       {:on-click[0m
  [36m56[0m  [36m        #(POST (str js/context "/add")[0m
  [36m57[0m  [36m             {:params current})} "Submit"])))[0m

[36m----  Compiler Warning : Please see src/cljs/chorechart/core.cljs  ----[0m
[32mSuccessfully compiled "target/cljsbuild/public/js/app.js" in 6.716 seconds.[0m
notifying browser that file changed:  out/chorechart/core.js
[0mCompiling "target/cljsbuild/public/js/app.js" from ["src/cljs" "src/cljc" "env/dev/cljs"]...[0m
[36m----  Compiler Warning on   src/cljs/chorechart/core.cljs   line:52  column:18  ----[0m

  [1mUse of undeclared Var chorechart.core/subscribe[0m

  [36m48[0m  [36m                                                  [dispatch-key (-> % .-target .-value)])}][0m
  [36m49[0m  [36m              (mapv #(-> [:option {:value (:value %)} (:label %)]) options))))[0m
  [36m50[0m  [36m[0m
  [36m51[0m  [36m(defn submit-btn [][0m
  [33m52[0m  [1m  (let [current (subscribe [:current])][0m
  [0m  [0m  [33m                 ^--- Use of undeclared Var chorechart.core/subscribe[0m
  [36m53[0m  [36m    (fn submit-btn-inner [][0m
  [36m54[0m  [36m      [:button.btn[0m
  [36m55[0m  [36m       {:on-click[0m
  [36m56[0m  [36m        #(POST (str js/context "/add")[0m
  [36m57[0m  [36m             {:params current})} "Submit"])))[0m

[36m----  Compiler Warning : Please see src/cljs/chorechart/core.cljs  ----[0m
[32mSuccessfully compiled "target/cljsbuild/public/js/app.js" in 7.138 seconds.[0m
notifying browser that file changed:  out/chorechart/core.js
[0mCompiling "target/cljsbuild/public/js/app.js" from ["src/cljs" "src/cljc" "env/dev/cljs"]...[0m
[32mSuccessfully compiled "target/cljsbuild/public/js/app.js" in 6.887 seconds.[0m
notifying browser that file changed:  out/chorechart/core.js
[0mCompiling "target/cljsbuild/public/js/app.js" from ["src/cljs" "src/cljc" "env/dev/cljs"]...[0m
[32mSuccessfully compiled "target/cljsbuild/public/js/app.js" in 6.035 seconds.[0m
notifying browser that file changed:  out/chorechart/core.js
[0mCompiling "target/cljsbuild/public/js/app.js" from ["src/cljs" "src/cljc" "env/dev/cljs"]...[0m
[32mSuccessfully compiled "target/cljsbuild/public/js/app.js" in 5.534 seconds.[0m
notifying browser that file changed:  out/chorechart/db.js
[0mCompiling "target/cljsbuild/public/js/app.js" from ["src/cljs" "src/cljc" "env/dev/cljs"]...[0m
[32mSuccessfully compiled "target/cljsbuild/public/js/app.js" in 7.009 seconds.[0m
notifying browser that file changed:  out/chorechart/handlers.js
[0mCompiling "target/cljsbuild/public/js/app.js" from ["src/cljs" "src/cljc" "env/dev/cljs"]...[0m
[31mFailed to compile "target/cljsbuild/public/js/app.js" in 3.874 seconds.[0m
[36m----  Could not Analyze  src/cljs/chorechart/core.cljs   line:55  column:8  ----[0m

  [1mUnknown dot form of (. js/console -log (current)) with classification [:cljs.analyzer/expr :cljs.analyzer/property :cljs.analyzer/expr][0m

  [36m53[0m  [36m[:button.btn[0m
  [36m54[0m  [36m {:on-click[0m
  [33m55[0m  [1m  #(.-log js/console current)}]))[0m
  [0m  [0m  [33m   ^--- Unknown dot form of (. js/console -log (current)) with classification [:cljs.analyzer/expr :cljs.analyzer/property :cljs.analyzer/expr][0m
  [36m56[0m  [36m  ;; #(POST (str js/context "/add")[0m
  [36m57[0m  [36m  ;;      {:params current})} "Submit"]))[0m

[36m----  Analysis Error : Please see src/cljs/chorechart/core.cljs  ----[0m
[0mCompiling "target/cljsbuild/public/js/app.js" from ["src/cljs" "src/cljc" "env/dev/cljs"]...[0m
[31mFailed to compile "target/cljsbuild/public/js/app.js" in 4.318 seconds.[0m
[36m----  Could not Analyze  src/cljs/chorechart/core.cljs   line:55  column:8  ----[0m

  [1mUnknown dot form of (. js/console -log (current)) with classification [:cljs.analyzer/expr :cljs.analyzer/property :cljs.analyzer/expr][0m

  [36m53[0m  [36m[:button.btn[0m
  [36m54[0m  [36m {:on-click[0m
  [33m55[0m  [1m  #(.-log js/console current)} "Submit"]))[0m
  [0m  [0m  [33m   ^--- Unknown dot form of (. js/console -log (current)) with classification [:cljs.analyzer/expr :cljs.analyzer/property :cljs.analyzer/expr][0m
  [36m56[0m  [36m  ;; #(POST (str js/context "/add")[0m
  [36m57[0m  [36m  ;;      {:params current})} "Submit"]))[0m

[36m----  Analysis Error : Please see src/cljs/chorechart/core.cljs  ----[0m
[0mCompiling "target/cljsbuild/public/js/app.js" from ["src/cljs" "src/cljc" "env/dev/cljs"]...[0m
[31mFailed to compile "target/cljsbuild/public/js/app.js" in 5.004 seconds.[0m
[36m----  Could not Analyze  src/cljs/chorechart/core.cljs   line:55  column:8  ----[0m

  [1mUnknown dot form of (. js/console -log (current)) with classification [:cljs.analyzer/expr :cljs.analyzer/property :cljs.analyzer/expr][0m

  [36m53[0m  [36m[:button.btn[0m
  [36m54[0m  [36m {:on-click[0m
  [33m55[0m  [1m  #(.-log js/console current)}[0m
  [0m  [0m  [33m   ^--- Unknown dot form of (. js/console -log (current)) with classification [:cljs.analyzer/expr :cljs.analyzer/property :cljs.analyzer/expr][0m
  [36m56[0m  [36m "Submit"]))[0m
  [36m57[0m  [36m  ;; #(POST (str js/context "/add")[0m
  [36m58[0m  [36m  ;;      {:params current})} "Submit"]))[0m

[36m----  Analysis Error : Please see src/cljs/chorechart/core.cljs  ----[0m
[0mCompiling "target/cljsbuild/public/js/app.js" from ["src/cljs" "src/cljc" "env/dev/cljs"]...[0m
[32mSuccessfully compiled "target/cljsbuild/public/js/app.js" in 6.871 seconds.[0m
notifying browser that file changed:  target/cljsbuild/public/js/out/cljs_deps.js
notifying browser that file changed:  out/chorechart/core.js
[0mCompiling "target/cljsbuild/public/js/app.js" from ["src/cljs" "src/cljc" "env/dev/cljs"]...[0m
[32mSuccessfully compiled "target/cljsbuild/public/js/app.js" in 6.22 seconds.[0m
notifying browser that file changed:  out/chorechart/core.js
[0mCompiling "target/cljsbuild/public/js/app.js" from ["src/cljs" "src/cljc" "env/dev/cljs"]...[0m
[32mSuccessfully compiled "target/cljsbuild/public/js/app.js" in 5.843 seconds.[0m
notifying browser that file changed:  out/chorechart/core.js
[0mCompiling "target/cljsbuild/public/js/app.js" from ["src/cljs" "src/cljc" "env/dev/cljs"]...[0m
[32mSuccessfully compiled "target/cljsbuild/public/js/app.js" in 6.581 seconds.[0m
notifying browser that file changed:  out/chorechart/core.js
[0mCompiling "target/cljsbuild/public/js/app.js" from ["src/cljs" "src/cljc" "env/dev/cljs"]...[0m
[31mFailed to compile "target/cljsbuild/public/js/app.js" in 3.64 seconds.[0m
[36m----  Could not Read  src/cljs/chorechart/core.cljs   line:59  column:23  ----[0m

  [1mNested #()s are not allowed[0m

  [36m57[0m  [36m     #(POST (str js/context "/add")[0m
  [36m58[0m  [36m          {:params @current[0m
  [33m59[0m  [1m           :handler #(pprint %)})}[0m
  [0m  [0m  [33m                      ^--- Nested #()s are not allowed[0m
  [36m60[0m  [36m     "Submit"]))[0m
  [36m61[0m  [36m[0m
  [36m62[0m  [36m(defn home-page [][0m

[36m----  Reader Error : Please see src/cljs/chorechart/core.cljs  ----[0m
[0mCompiling "target/cljsbuild/public/js/app.js" from ["src/cljs" "src/cljc" "env/dev/cljs"]...[0m
[32mSuccessfully compiled "target/cljsbuild/public/js/app.js" in 5.561 seconds.[0m
notifying browser that file changed:  out/chorechart/core.js
Notifyng browser that CSS file changed: resources/public/css/screen.css
[0mCompiling "target/cljsbuild/public/js/app.js" from ["src/cljs" "src/cljc" "env/dev/cljs"]...[0m
[31mFailed to compile "target/cljsbuild/public/js/app.js" in 3.688 seconds.[0m
[36m----  Could not Read  src/cljs/chorechart/core.cljs   line:63  column:15  ----[0m

  [1mUnmatched delimiter ][0m

  [36m62[0m  [36m      #(GET (str js/context "/docs") {:handler pprint})[0m
  [33m63[0m  [1m     "Submit"]))[0m
  [0m  [0m  [33m              ^--- Unmatched delimiter ][0m
  [36m64[0m  [36m[0m
  [36m65[0m  [36m(defn home-page [][0m
  [36m66[0m  [36m  [:div.container[0m

[36m----  Reader Error : Please see src/cljs/chorechart/core.cljs  ----[0m
[0mCompiling "target/cljsbuild/public/js/app.js" from ["src/cljs" "src/cljc" "env/dev/cljs"]...[0m
[32mSuccessfully compiled "target/cljsbuild/public/js/app.js" in 6.38 seconds.[0m
notifying browser that file changed:  out/chorechart/core.js
[0mCompiling "target/cljsbuild/public/js/app.js" from ["src/cljs" "src/cljc" "env/dev/cljs"]...[0m
[32mSuccessfully compiled "target/cljsbuild/public/js/app.js" in 9.653 seconds.[0m
notifying browser that file changed:  out/chorechart/core.js
[0mCompiling "target/cljsbuild/public/js/app.js" from ["src/cljs" "src/cljc" "env/dev/cljs"]...[0m
[32mSuccessfully compiled "target/cljsbuild/public/js/app.js" in 5.952 seconds.[0m
notifying browser that file changed:  out/chorechart/core.js
Notifyng browser that CSS file changed: resources/public/css/screen.css
[0mCompiling "target/cljsbuild/public/js/app.js" from ["src/cljs" "src/cljc" "env/dev/cljs"]...[0m
[32mSuccessfully compiled "target/cljsbuild/public/js/app.js" in 8.649 seconds.[0m
notifying browser that file changed:  out/chorechart/core.js
[0mCompiling "target/cljsbuild/public/js/app.js" from ["src/cljs" "src/cljc" "env/dev/cljs"]...[0m
[32mSuccessfully compiled "target/cljsbuild/public/js/app.js" in 8.726 seconds.[0m
notifying browser that file changed:  out/chorechart/core.js
[0mCompiling "target/cljsbuild/public/js/app.js" from ["src/cljs" "src/cljc" "env/dev/cljs"]...[0m
[32mSuccessfully compiled "target/cljsbuild/public/js/app.js" in 5.631 seconds.[0m
notifying browser that file changed:  out/chorechart/core.js
[0mCompiling "target/cljsbuild/public/js/app.js" from ["src/cljs" "src/cljc" "env/dev/cljs"]...[0m
[32mSuccessfully compiled "target/cljsbuild/public/js/app.js" in 6.748 seconds.[0m
notifying browser that file changed:  out/chorechart/core.js
[0mCompiling "target/cljsbuild/public/js/app.js" from ["src/cljs" "src/cljc" "env/dev/cljs"]...[0m
[31mFailed to compile "target/cljsbuild/public/js/app.js" in 3.804 seconds.[0m
[36m----  Could not Read  src/cljs/chorechart/core.cljs   line:51  column:46  ----[0m

  [1mMap literal must contain an even number of forms[0m

  [36m49[0m  [36m                                                  [dispatch-key (-> % .-target .-value)])}][0m
  [36m50[0m  [36m              (cons[0m
  [33m51[0m  [1m               [:option {:value "" :disabled} "-- choose an option --"][0m
  [0m  [0m  [33m                                             ^--- Map literal must contain an even number of forms[0m
  [36m52[0m  [36m               (mapv #(-> [:option {:value (:value %)} (:label %)]) options)))))[0m
  [36m53[0m  [36m[0m
  [36m54[0m  [36m(defn submit-btn [][0m

[36m----  Reader Error : Please see src/cljs/chorechart/core.cljs  ----[0m
[0mCompiling "target/cljsbuild/public/js/app.js" from ["src/cljs" "src/cljc" "env/dev/cljs"]...[0m
[32mSuccessfully compiled "target/cljsbuild/public/js/app.js" in 5.542 seconds.[0m
notifying browser that file changed:  out/chorechart/core.js
[0mCompiling "target/cljsbuild/public/js/app.js" from ["src/cljs" "src/cljc" "env/dev/cljs"]...[0m
[32mSuccessfully compiled "target/cljsbuild/public/js/app.js" in 5.411 seconds.[0m
notifying browser that file changed:  out/chorechart/core.js
[0mCompiling "target/cljsbuild/public/js/app.js" from ["src/cljs" "src/cljc" "env/dev/cljs"]...[0m
[32mSuccessfully compiled "target/cljsbuild/public/js/app.js" in 6.141 seconds.[0m
notifying browser that file changed:  out/chorechart/core.js
[0mCompiling "target/cljsbuild/public/js/app.js" from ["src/cljs" "src/cljc" "env/dev/cljs"]...[0m
[32mSuccessfully compiled "target/cljsbuild/public/js/app.js" in 6.04 seconds.[0m
notifying browser that file changed:  out/chorechart/core.js
[0mCompiling "target/cljsbuild/public/js/app.js" from ["src/cljs" "src/cljc" "env/dev/cljs"]...[0m
[32mSuccessfully compiled "target/cljsbuild/public/js/app.js" in 6.074 seconds.[0m
notifying browser that file changed:  out/chorechart/core.js
Notifyng browser that CSS file changed: resources/public/css/screen.css
Notifyng browser that CSS file changed: resources/public/css/screen.css
Notifyng browser that CSS file changed: resources/public/css/screen.css
Notifyng browser that CSS file changed: resources/public/css/screen.css
Notifyng browser that CSS file changed: resources/public/css/screen.css
Notifyng browser that CSS file changed: resources/public/css/screen.css
Notifyng browser that CSS file changed: resources/public/css/screen.css
Notifyng browser that CSS file changed: resources/public/css/screen.css
Notifyng browser that CSS file changed: resources/public/css/screen.css
Notifyng browser that CSS file changed: resources/public/css/screen.css
Notifyng browser that CSS file changed: resources/public/css/screen.css
Notifyng browser that CSS file changed: resources/public/css/screen.css
